0 info it worked if it ends with ok
1 verbose cli [ '/home/vagrant/.nodebrew/current/bin/node',
1 verbose cli   '/home/vagrant/.nodebrew/current/bin/npm',
1 verbose cli   'start' ]
2 info using npm@2.11.3
3 info using node@v0.12.7
4 verbose node symlink /home/vagrant/.nodebrew/current/bin/node
5 verbose stack Error: Failed to parse json
5 verbose stack Unexpected token '<' at 20:1
5 verbose stack <<<<<<< .merge_file_1Ge5ea
5 verbose stack ^
5 verbose stack     at parseError (/home/vagrant/.nodebrew/node/v0.12.7/lib/node_modules/npm/node_modules/read-package-json/read-json.js:379:11)
5 verbose stack     at parseJson (/home/vagrant/.nodebrew/node/v0.12.7/lib/node_modules/npm/node_modules/read-package-json/read-json.js:68:23)
5 verbose stack     at /home/vagrant/.nodebrew/node/v0.12.7/lib/node_modules/npm/node_modules/read-package-json/read-json.js:48:5
5 verbose stack     at evalmachine.<anonymous>:334:14
5 verbose stack     at /home/vagrant/.nodebrew/node/v0.12.7/lib/node_modules/npm/node_modules/graceful-fs/graceful-fs.js:102:5
5 verbose stack     at FSReqWrap.oncomplete (evalmachine.<anonymous>:95:15)
6 verbose cwd /vagrant/pingpong
7 error Linux 2.6.32-642.1.1.el6.x86_64
8 error argv "/home/vagrant/.nodebrew/current/bin/node" "/home/vagrant/.nodebrew/current/bin/npm" "start"
9 error node v0.12.7
10 error npm  v2.11.3
11 error file /vagrant/pingpong/package.json
12 error code EJSONPARSE
13 error Failed to parse json
13 error Unexpected token '<' at 20:1
13 error <<<<<<< .merge_file_1Ge5ea
13 error ^
14 error File: /vagrant/pingpong/package.json
15 error Failed to parse package.json data.
15 error package.json must be actual JSON, not just JavaScript.
15 error
15 error This is not a bug in npm.
15 error Tell the package author to fix their package.json file. JSON.parse
16 verbose exit [ 1, true ]
